#
# There is insufficient memory for the Java Runtime Environment to continue.
# Native memory allocation (mmap) failed to map 352256 bytes for object start array expansion
# Possible reasons:
#   The system is out of physical RAM or swap space
#   In 32 bit mode, the process size limit was hit
# Possible solutions:
#   Reduce memory load on the system
#   Increase physical memory or swap space
#   Check if swap backing store is full
#   Use 64 bit Java on a 64 bit OS
#   Decrease Java heap size (-Xmx/-Xms)
#   Decrease number of Java threads
#   Decrease Java thread stack sizes (-Xss)
#   Set larger code cache with -XX:ReservedCodeCacheSize=
# This output file may be truncated or incomplete.
#
#  Out of Memory Error (objectStartArray.cpp:102), pid=780, tid=0x0000000000001fd4
#
# JRE version:  (8.0_161-b12) (build )
# Java VM: Java HotSpot(TM) 64-Bit Server VM (25.161-b12 mixed mode windows-amd64 compressed oops)
# Failed to write core dump. Minidumps are not enabled by default on client versions of Windows
#

---------------  T H R E A D  ---------------

Current thread (0x0000000000efe000):  JavaThread "Unknown thread" [_thread_in_vm, id=8148, stack(0x00000000050c0000,0x00000000051c0000)]

Stack: [0x00000000050c0000,0x00000000051c0000]
[error occurred during error reporting (printing stack bounds), id 0xc0000005]

Native frames: (J=compiled Java code, j=interpreted, Vv=VM code, C=native code)


---------------  P R O C E S S  ---------------

Java Threads: ( => current thread )

Other Threads:

=>0x0000000000efe000 (exited) JavaThread "Unknown thread" [_thread_in_vm, id=8148, stack(0x00000000050c0000,0x00000000051c0000)]

VM state:not at safepoint (not fully initialized)

VM Mutex/Monitor currently owned by a thread: None

GC Heap History (0 events):
No events

Deoptimization events (0 events):
No events

Classes redefined (0 events):
No events

Internal exceptions (0 events):
No events

Events (0 events):
No events


Dynamic libraries:
0x00007ff6fdae0000 - 0x00007ff6fdb17000 	D:\下载\eclipse-java-kepler-SR1-win32-x86_64\eclipse\jre\bin\javaw.exe
0x00007ffad6560000 - 0x00007ffad6740000 	C:\WINDOWS\SYSTEM32\ntdll.dll
0x00007ffad5940000 - 0x00007ffad59ee000 	C:\WINDOWS\System32\KERNEL32.DLL
0x00007ffad2ff0000 - 0x00007ffad3256000 	C:\WINDOWS\System32\KERNELBASE.dll
0x00007ffad53c0000 - 0x00007ffad5461000 	C:\WINDOWS\System32\ADVAPI32.dll
0x00007ffad5e90000 - 0x00007ffad5f2d000 	C:\WINDOWS\System32\msvcrt.dll
0x00007ffad57a0000 - 0x00007ffad57fb000 	C:\WINDOWS\System32\sechost.dll
0x00007ffad5800000 - 0x00007ffad591f000 	C:\WINDOWS\System32\RPCRT4.dll
0x00007ffad3df0000 - 0x00007ffad3f7f000 	C:\WINDOWS\System32\USER32.dll
0x00007ffad32c0000 - 0x00007ffad32e0000 	C:\WINDOWS\System32\win32u.dll
0x00007ffad5e60000 - 0x00007ffad5e88000 	C:\WINDOWS\System32\GDI32.dll
0x00007ffad2c30000 - 0x00007ffad2dc3000 	C:\WINDOWS\System32\gdi32full.dll
0x00007ffad2e20000 - 0x00007ffad2ebb000 	C:\WINDOWS\System32\msvcp_win.dll
0x00007ffad2b30000 - 0x00007ffad2c26000 	C:\WINDOWS\System32\ucrtbase.dll
0x00007ffac8010000 - 0x00007ffac8279000 	C:\WINDOWS\WinSxS\amd64_microsoft.windows.common-controls_6595b64144ccf1df_6.0.16299.371_none_15c7d1789365a290\COMCTL32.dll
0x00007ffad5b50000 - 0x00007ffad5e58000 	C:\WINDOWS\System32\combase.dll
0x00007ffad2ec0000 - 0x00007ffad2f32000 	C:\WINDOWS\System32\bcryptPrimitives.dll
0x00007ffad5470000 - 0x00007ffad549d000 	C:\WINDOWS\System32\IMM32.DLL
0x0000000055b60000 - 0x0000000055c32000 	D:\下载\eclipse-java-kepler-SR1-win32-x86_64\eclipse\jre\bin\msvcr100.dll
0x0000000055df0000 - 0x000000005668f000 	D:\下载\eclipse-java-kepler-SR1-win32-x86_64\eclipse\jre\bin\server\jvm.dll
0x00007ffad5b40000 - 0x00007ffad5b48000 	C:\WINDOWS\System32\PSAPI.DLL
0x00007ffacd9f0000 - 0x00007ffacd9fa000 	C:\WINDOWS\SYSTEM32\VERSION.dll
0x00007ffaced00000 - 0x00007ffaced23000 	C:\WINDOWS\SYSTEM32\WINMM.dll
0x00007ffac3280000 - 0x00007ffac3289000 	C:\WINDOWS\SYSTEM32\WSOCK32.dll
0x00007ffad5500000 - 0x00007ffad556c000 	C:\WINDOWS\System32\WS2_32.dll
0x00007ffacecb0000 - 0x00007ffacecda000 	C:\WINDOWS\SYSTEM32\WINMMBASE.dll
0x00007ffad2dd0000 - 0x00007ffad2e1a000 	C:\WINDOWS\System32\cfgmgr32.dll
0x0000000055d00000 - 0x0000000055d0f000 	D:\下载\eclipse-java-kepler-SR1-win32-x86_64\eclipse\jre\bin\verify.dll
0x0000000055cd0000 - 0x0000000055cf9000 	D:\下载\eclipse-java-kepler-SR1-win32-x86_64\eclipse\jre\bin\java.dll
0x0000000055cb0000 - 0x0000000055cc6000 	D:\下载\eclipse-java-kepler-SR1-win32-x86_64\eclipse\jre\bin\zip.dll

VM Arguments:
jvm_args: -Dfile.encoding=GBK 
java_command: KillerSokoban.MAIN
java_class_path (initial): E:\projectlabgroup\Killer-Sokoban\Killer-Sokoban\KillerSokoban\KillerSokoban\bin
Launcher Type: SUN_STANDARD

Environment Variables:
PATH=D:/下载/eclipse-java-kepler-SR1-win32-x86_64/eclipse/jre/bin/server;D:/下载/eclipse-java-kepler-SR1-win32-x86_64/eclipse/jre/bin;D:/下载/eclipse-java-kepler-SR1-win32-x86_64/eclipse/jre/lib/amd64;C:\Windows\system32;C:\Windows;C:\Windows\System32\Wbem;C:\Windows\System32\WindowsPowerShell\v1.0\;C:\Program Files (x86)\NVIDIA Corporation\PhysX\Common;C:\WINDOWS\system32;C:\WINDOWS;C:\WINDOWS\System32\Wbem;C:\WINDOWS\System32\WindowsPowerShell\v1.0\;C:\Program Files\dotnet\;C:\Program Files\Microsoft SQL Server\130\Tools\Binn\;E:\Git\cmd;C:\Users\Administrator\AppData\Local\Microsoft\WindowsApps;C:\Users\Administrator\AppData\Local\GitHubDesktop\bin;C:\Users\Administrator\AppData\Local\atom\bin;D:\下载\eclipse-java-kepler-SR1-win32-x86_64\eclipse;
USERNAME=Buer
OS=Windows_NT
PROCESSOR_IDENTIFIER=AMD64 Family 23 Model 1 Stepping 1, AuthenticAMD



---------------  S Y S T E M  ---------------

OS: Windows 10.0 , 64 bit Build 16299 (10.0.16299.15)

CPU:total 12 (initial active 12) (12 cores per cpu, 1 threads per core) family 23 model 1 stepping 1, cmov, cx8, fxsr, mmx, sse, sse2, sse3, ssse3, sse4.1, sse4.2, popcnt, avx, avx2, aes, clmul, mmxext, 3dnowpref, lzcnt, sse4a, tsc, tscinvbit, tscinv, bmi1

Memory: 4k page, physical 16724380k(12290428k free), swap 32187676k(5592k free)

vm_info: Java HotSpot(TM) 64-Bit Server VM (25.161-b12) for windows-amd64 JRE (1.8.0_161-b12), built on Dec 19 2017 17:52:25 by "java_re" with MS VC++ 10.0 (VS2010)

time: Sat Apr 21 21:20:03 2018
elapsed time: 0 seconds (0d 0h 0m 0s)

